<?xml version="1.0" encoding="UTF-8"?>
<testsuites name="1.2 Login - Re Sumbit" time="169.354" tests="2" failures="0" errors="0">
   <testsuite name="1.2 Login - Re Sumbit" tests="2" failures="0" errors="0" time="169.354" skipped="0" timestamp="2022-02-21 15:17:05" hostname="Nia Yusniati - Apandi" id="Test Suites/Branch_Manager/1.2 Login - Re Sumbit">
      <properties>
         <property name="deviceName" value="samsung SM-M315F (Android 11)"/>
         <property name="devicePlatform" value=""/>
         <property name="logFolder" value="C:\\Users\\Nia Yusniati\\Git_Asa\\mobile-survey\\Reports\\20220221_151700\\Branch_Manager\\1.2 Login - Re Sumbit\\20220221_151700"/>
         <property name="logFiles" value="C:\\Users\\Nia Yusniati\\Git_Asa\\mobile-survey\\Reports\\20220221_151700\\Branch_Manager\\1.2 Login - Re Sumbit\\20220221_151700\\appium.log, C:\\Users\\Nia Yusniati\\Git_Asa\\mobile-survey\\Reports\\20220221_151700\\Branch_Manager\\1.2 Login - Re Sumbit\\20220221_151700\\execution0.log"/>
         <property name="attachments" value="C:\Users\Nia Yusniati\Git_Asa\mobile-survey\Screenshot\keyes\keyes-mobilelogin 1.1.png, C:\Users\Nia Yusniati\Git_Asa\mobile-survey\Screenshot\keyes\keyes-mobileSurvey Kendaraan 4.1.png, C:\Users\Nia Yusniati\Git_Asa\mobile-survey\Screenshot\keyes\keyes-mobileSurvey Kendaraan 4.2.png, C:\Users\Nia Yusniati\Git_Asa\mobile-survey\Screenshot\keyes\keyes-mobileSurvey Kendaraan 4.3.png, C:\Users\Nia Yusniati\Git_Asa\mobile-survey\Screenshot\keyes\keyes-mobileSurvey Kendaraan 4.4 .png, C:\Users\Nia Yusniati\Git_Asa\mobile-survey\Screenshot\keyes\keyes-mobileSurvey Kendaraan 4.5.png, C:\Users\Nia Yusniati\Git_Asa\mobile-survey\Screenshot\keyes\keyes-mobileSurvey Kendaraan 4.6.png, C:\Users\Nia Yusniati\Git_Asa\mobile-survey\Screenshot\keyes\keyes-mobileSurvey Kendaraan 4.7.png, C:\Users\Nia Yusniati\Git_Asa\mobile-survey\Screenshot\keyes\keyes-mobileSurvey Kendaraan 4.8.png, C:\Users\Nia Yusniati\Git_Asa\mobile-survey\Screenshot\keyes\keyes-mobileSurvey Kendaraan 4.9.png, C:\Users\Nia Yusniati\Git_Asa\mobile-survey\Screenshot\keyes\keyes-mobileSurvey Kendaraan 4.10.png"/>
         <property name="hostName" value="Nia Yusniati - Apandi"/>
         <property name="os" value="Windows 10 64bit"/>
         <property name="appiumServerStatus" value="{&quot;value&quot;:{&quot;build&quot;:{&quot;version&quot;:&quot;1.22.2&quot;}},&quot;sessionId&quot;:null,&quot;status&quot;:0}"/>
         <property name="katalonVersion" value="8.1.0.208"/>
         <property name="deviceOS" value="Android"/>
         <property name="appiumVersion" value="1.22.2"/>
         <property name="deviceModel" value="SM-M315F"/>
         <property name="hostAddress" value="192.168.1.21"/>
         <property name="deviceManufacturer" value="samsung"/>
         <property name="deviceId" value="RR8N605F11Y"/>
         <property name="deviceName" value="samsung SM-M315F (Android 11)"/>
         <property name="deviceOSVersion" value="11"/>
      </properties>
      <testcase name="Test Cases/Branch_Manager/1. Login" time="45.702" classname="Test Cases/Branch_Manager/1. Login" status="PASSED">
         <system-out><![CDATA[2022-02-21 15:17:06 - [TEST_CASE][PASSED] - Test Cases/Branch_Manager/1. Login: Test Cases/Branch_Manager/1. Login

2022-02-21 15:17:07 - [TEST_STEP][PASSED] - baseDir = System.getProperty("user.dir"): null

2022-02-21 15:17:07 - [TEST_STEP][PASSED] - startExistingApplication("com.bcaf.mobilesurvey"): Starting app with application ID: 'com.bcaf.mobilesurvey'

2022-02-21 15:17:12 - [MESSAGE][INFO] - Appium server started on port 60,163

2022-02-21 15:17:29 - [MESSAGE][PASSED] - Starting app with application ID: 'com.bcaf.mobilesurvey'

2022-02-21 15:17:29 - [TEST_STEP][PASSED] - setText(findTestObject("Object Repository/Login/android.widget.EditText - NIP"), findTestData("Branch_Manager").getObjectValue("Username", 2), 0): Text '20211002' has been set to element 'Object Repository/Login/android.widget.EditText - NIP'

2022-02-21 15:17:30 - [MESSAGE][WARNING] - Timeout '0' is invalid. Using default page load timeout: '30'

2022-02-21 15:17:32 - [MESSAGE][PASSED] - Text '20211002' has been set to element 'Object Repository/Login/android.widget.EditText - NIP'

2022-02-21 15:17:32 - [TEST_STEP][PASSED] - setText(findTestObject("Object Repository/Login/android.widget.EditText - Password"), findTestData("Branch_Manager").getObjectValue("Pass", 2), 0): Text 'mobile123+' has been set to element 'Object Repository/Login/android.widget.EditText - Password'

2022-02-21 15:17:32 - [MESSAGE][WARNING] - Timeout '0' is invalid. Using default page load timeout: '30'

2022-02-21 15:17:34 - [MESSAGE][PASSED] - Text 'mobile123+' has been set to element 'Object Repository/Login/android.widget.EditText - Password'

2022-02-21 15:17:34 - [TEST_STEP][PASSED] - tap(findTestObject("Object Repository/Login/android.widget.CheckBox - Remember Me"), 0): Tapped on element 'Object Repository/Login/android.widget.CheckBox - Remember Me'

2022-02-21 15:17:34 - [MESSAGE][WARNING] - Timeout '0' is invalid. Using default page load timeout: '30'

2022-02-21 15:17:35 - [MESSAGE][PASSED] - Tapped on element 'Object Repository/Login/android.widget.CheckBox - Remember Me'

2022-02-21 15:17:35 - [TEST_STEP][PASSED] - hideKeyboard(): Keyboard is hidden

2022-02-21 15:17:40 - [MESSAGE][PASSED] - Keyboard is hidden

2022-02-21 15:17:40 - [TEST_STEP][PASSED] - delay(3, STOP_ON_FAILURE): Delayed 3 second(s)

2022-02-21 15:17:43 - [MESSAGE][PASSED] - Delayed 3 second(s)

2022-02-21 15:17:43 - [TEST_STEP][PASSED] - takeScreenshotAsCheckpoint(baseDir + sspathmobilesurvey + "login 1.1" + ".png", STOP_ON_FAILURE): Screenshot is taken

2022-02-21 15:17:45 - [MESSAGE][INFO] - 0 hidden object(s)

2022-02-21 15:17:46 - [MESSAGE][PASSED] - Screenshot is taken
[[ATTACHMENT|C:\Users\Nia Yusniati\Git_Asa\mobile-survey\Screenshot\keyes\keyes-mobilelogin 1.1.png]]

2022-02-21 15:17:46 - [TEST_STEP][PASSED] - tap(findTestObject("Object Repository/Login/android.widget.Button - LOGIN"), 0): Tapped on element 'Object Repository/Login/android.widget.Button - LOGIN'

2022-02-21 15:17:46 - [MESSAGE][WARNING] - Timeout '0' is invalid. Using default page load timeout: '30'

2022-02-21 15:17:47 - [MESSAGE][PASSED] - Tapped on element 'Object Repository/Login/android.widget.Button - LOGIN'

2022-02-21 15:17:47 - [TEST_STEP][PASSED] - delay(5, STOP_ON_FAILURE): Delayed 5 second(s)

2022-02-21 15:17:52 - [MESSAGE][PASSED] - Delayed 5 second(s)]]></system-out>
         <system-err><![CDATA[]]></system-err>
      </testcase>
      <testcase name="Test Cases/Branch_Manager/4. Re-Submit" time="120.683" classname="Test Cases/Branch_Manager/4. Re-Submit" status="PASSED">
         <system-out><![CDATA[2022-02-21 15:17:52 - [TEST_CASE][PASSED] - Test Cases/Branch_Manager/4. Re-Submit: Test Cases/Branch_Manager/4. Re-Submit

2022-02-21 15:17:53 - [TEST_STEP][PASSED] - baseDir = System.getProperty("user.dir"): null

2022-02-21 15:17:53 - [TEST_STEP][PASSED] - startExistingApplication("com.bcaf.mobilesurvey"): Starting app with application ID: 'com.bcaf.mobilesurvey'

2022-02-21 15:18:03 - [MESSAGE][PASSED] - Starting app with application ID: 'com.bcaf.mobilesurvey'

2022-02-21 15:18:03 - [TEST_STEP][PASSED] - delay(3, STOP_ON_FAILURE): Delayed 3 second(s)

2022-02-21 15:18:06 - [MESSAGE][PASSED] - Delayed 3 second(s)

2022-02-21 15:18:06 - [TEST_STEP][PASSED] - takeScreenshotAsCheckpoint(baseDir + sspathmobilesurvey + "Survey Kendaraan 4.1" + ".png", STOP_ON_FAILURE): Screenshot is taken

2022-02-21 15:18:09 - [MESSAGE][INFO] - 0 hidden object(s)

2022-02-21 15:18:09 - [MESSAGE][PASSED] - Screenshot is taken
[[ATTACHMENT|C:\Users\Nia Yusniati\Git_Asa\mobile-survey\Screenshot\keyes\keyes-mobileSurvey Kendaraan 4.1.png]]

2022-02-21 15:18:09 - [TEST_STEP][PASSED] - tap(findTestObject("Object Repository/Submit/android.widget.LinearLayout"), 0): Tapped on element 'Object Repository/Submit/android.widget.LinearLayout'

2022-02-21 15:18:09 - [MESSAGE][WARNING] - Timeout '0' is invalid. Using default page load timeout: '30'

2022-02-21 15:18:10 - [MESSAGE][PASSED] - Tapped on element 'Object Repository/Submit/android.widget.LinearLayout'

2022-02-21 15:18:10 - [TEST_STEP][PASSED] - delay(3, STOP_ON_FAILURE): Delayed 3 second(s)

2022-02-21 15:18:13 - [MESSAGE][PASSED] - Delayed 3 second(s)

2022-02-21 15:18:13 - [TEST_STEP][PASSED] - takeScreenshotAsCheckpoint(baseDir + sspathmobilesurvey + "Survey Kendaraan 4.2" + ".png", STOP_ON_FAILURE): Screenshot is taken

2022-02-21 15:18:15 - [MESSAGE][INFO] - 0 hidden object(s)

2022-02-21 15:18:15 - [MESSAGE][PASSED] - Screenshot is taken
[[ATTACHMENT|C:\Users\Nia Yusniati\Git_Asa\mobile-survey\Screenshot\keyes\keyes-mobileSurvey Kendaraan 4.2.png]]

2022-02-21 15:18:15 - [TEST_STEP][PASSED] - tap(findTestObject("Object Repository/Submit/android.widget.LinearLayout (1)"), 0): Tapped on element 'Object Repository/Submit/android.widget.LinearLayout (1)'

2022-02-21 15:18:15 - [MESSAGE][WARNING] - Timeout '0' is invalid. Using default page load timeout: '30'

2022-02-21 15:18:16 - [MESSAGE][PASSED] - Tapped on element 'Object Repository/Submit/android.widget.LinearLayout (1)'

2022-02-21 15:18:16 - [TEST_STEP][PASSED] - setText(findTestObject("Object Repository/Submit/android.widget.EditText - No Polisi"), findTestData("No_Polisi").getObjectValue("No_Polisi", 6), 0): Text 'B777B' has been set to element 'Object Repository/Submit/android.widget.EditText - No Polisi'

2022-02-21 15:18:16 - [MESSAGE][WARNING] - Timeout '0' is invalid. Using default page load timeout: '30'

2022-02-21 15:18:19 - [MESSAGE][PASSED] - Text 'B777B' has been set to element 'Object Repository/Submit/android.widget.EditText - No Polisi'

2022-02-21 15:18:19 - [TEST_STEP][PASSED] - tap(findTestObject("Object Repository/Submit/android.widget.Spinner"), 0): Tapped on element 'Object Repository/Submit/android.widget.Spinner'

2022-02-21 15:18:19 - [MESSAGE][WARNING] - Timeout '0' is invalid. Using default page load timeout: '30'

2022-02-21 15:18:20 - [MESSAGE][PASSED] - Tapped on element 'Object Repository/Submit/android.widget.Spinner'

2022-02-21 15:18:20 - [TEST_STEP][PASSED] - tap(findTestObject("Object Repository/Submit/android.widget.CheckedTextView - Aswata"), 0): Tapped on element 'Object Repository/Submit/android.widget.CheckedTextView - Aswata'

2022-02-21 15:18:20 - [MESSAGE][WARNING] - Timeout '0' is invalid. Using default page load timeout: '30'

2022-02-21 15:18:22 - [MESSAGE][PASSED] - Tapped on element 'Object Repository/Submit/android.widget.CheckedTextView - Aswata'

2022-02-21 15:18:22 - [TEST_STEP][PASSED] - delay(3, STOP_ON_FAILURE): Delayed 3 second(s)

2022-02-21 15:18:26 - [MESSAGE][PASSED] - Delayed 3 second(s)

2022-02-21 15:18:26 - [TEST_STEP][PASSED] - takeScreenshotAsCheckpoint(baseDir + sspathmobilesurvey + "Survey Kendaraan 4.3" + ".png", STOP_ON_FAILURE): Screenshot is taken

2022-02-21 15:18:27 - [MESSAGE][INFO] - 0 hidden object(s)

2022-02-21 15:18:27 - [MESSAGE][PASSED] - Screenshot is taken
[[ATTACHMENT|C:\Users\Nia Yusniati\Git_Asa\mobile-survey\Screenshot\keyes\keyes-mobileSurvey Kendaraan 4.3.png]]

2022-02-21 15:18:27 - [TEST_STEP][PASSED] - tap(findTestObject("Object Repository/Submit/android.widget.Button - SEARCH"), 0): Tapped on element 'Object Repository/Submit/android.widget.Button - SEARCH'

2022-02-21 15:18:27 - [MESSAGE][WARNING] - Timeout '0' is invalid. Using default page load timeout: '30'

2022-02-21 15:18:28 - [MESSAGE][PASSED] - Tapped on element 'Object Repository/Submit/android.widget.Button - SEARCH'

2022-02-21 15:18:28 - [TEST_STEP][PASSED] - delay(3, STOP_ON_FAILURE): Delayed 3 second(s)

2022-02-21 15:18:31 - [MESSAGE][PASSED] - Delayed 3 second(s)

2022-02-21 15:18:31 - [TEST_STEP][PASSED] - takeScreenshotAsCheckpoint(baseDir + sspathmobilesurvey + "Survey Kendaraan 4.4 " + ".png", STOP_ON_FAILURE): Screenshot is taken

2022-02-21 15:18:34 - [MESSAGE][INFO] - 0 hidden object(s)

2022-02-21 15:18:34 - [MESSAGE][PASSED] - Screenshot is taken
[[ATTACHMENT|C:\Users\Nia Yusniati\Git_Asa\mobile-survey\Screenshot\keyes\keyes-mobileSurvey Kendaraan 4.4 .png]]

2022-02-21 15:18:34 - [TEST_STEP][PASSED] - scrollToText("Surat Kendaraan"): Scrolling to text 'Surat Kendaraan' successfully

2022-02-21 15:18:41 - [MESSAGE][PASSED] - Scrolling to text 'Surat Kendaraan' successfully

2022-02-21 15:18:41 - [TEST_STEP][PASSED] - delay(3, STOP_ON_FAILURE): Delayed 3 second(s)

2022-02-21 15:18:44 - [MESSAGE][PASSED] - Delayed 3 second(s)

2022-02-21 15:18:44 - [TEST_STEP][PASSED] - takeScreenshotAsCheckpoint(baseDir + sspathmobilesurvey + "Survey Kendaraan 4.5" + ".png", STOP_ON_FAILURE): Screenshot is taken

2022-02-21 15:18:45 - [MESSAGE][INFO] - 0 hidden object(s)

2022-02-21 15:18:46 - [MESSAGE][PASSED] - Screenshot is taken
[[ATTACHMENT|C:\Users\Nia Yusniati\Git_Asa\mobile-survey\Screenshot\keyes\keyes-mobileSurvey Kendaraan 4.5.png]]

2022-02-21 15:18:46 - [TEST_STEP][PASSED] - tap(findTestObject("Object Repository/History_SurveyKendaraan/android.widget.TextView - Surat Kendaraan"), 0): Tapped on element 'Object Repository/History_SurveyKendaraan/android.widget.TextView - Surat Kendaraan'

2022-02-21 15:18:46 - [MESSAGE][WARNING] - Timeout '0' is invalid. Using default page load timeout: '30'

2022-02-21 15:18:47 - [MESSAGE][PASSED] - Tapped on element 'Object Repository/History_SurveyKendaraan/android.widget.TextView - Surat Kendaraan'

2022-02-21 15:18:47 - [TEST_STEP][PASSED] - delay(3, STOP_ON_FAILURE): Delayed 3 second(s)

2022-02-21 15:18:50 - [MESSAGE][PASSED] - Delayed 3 second(s)

2022-02-21 15:18:50 - [TEST_STEP][PASSED] - takeScreenshotAsCheckpoint(baseDir + sspathmobilesurvey + "Survey Kendaraan 4.6" + ".png", STOP_ON_FAILURE): Screenshot is taken

2022-02-21 15:18:52 - [MESSAGE][INFO] - 0 hidden object(s)

2022-02-21 15:18:52 - [MESSAGE][PASSED] - Screenshot is taken
[[ATTACHMENT|C:\Users\Nia Yusniati\Git_Asa\mobile-survey\Screenshot\keyes\keyes-mobileSurvey Kendaraan 4.6.png]]

2022-02-21 15:18:52 - [TEST_STEP][PASSED] - tap(findTestObject("Object Repository/History_SurveyKendaraan/android.widget.TextView - Kondisi Kendaraan"), 0): Tapped on element 'Object Repository/History_SurveyKendaraan/android.widget.TextView - Kondisi Kendaraan'

2022-02-21 15:18:52 - [MESSAGE][WARNING] - Timeout '0' is invalid. Using default page load timeout: '30'

2022-02-21 15:18:54 - [MESSAGE][PASSED] - Tapped on element 'Object Repository/History_SurveyKendaraan/android.widget.TextView - Kondisi Kendaraan'

2022-02-21 15:18:54 - [TEST_STEP][PASSED] - takeScreenshotAsCheckpoint(baseDir + sspathmobilesurvey + "Survey Kendaraan 4.7" + ".png", STOP_ON_FAILURE): Screenshot is taken

2022-02-21 15:18:55 - [MESSAGE][INFO] - 0 hidden object(s)

2022-02-21 15:18:56 - [MESSAGE][PASSED] - Screenshot is taken
[[ATTACHMENT|C:\Users\Nia Yusniati\Git_Asa\mobile-survey\Screenshot\keyes\keyes-mobileSurvey Kendaraan 4.7.png]]

2022-02-21 15:18:56 - [TEST_STEP][PASSED] - scrollToText("Wiper"): Scrolling to text 'Wiper' successfully

2022-02-21 15:19:05 - [MESSAGE][PASSED] - Scrolling to text 'Wiper' successfully

2022-02-21 15:19:05 - [TEST_STEP][PASSED] - tap(findTestObject("Object Repository/History_SurveyKendaraan/android.widget.TextView - Foto Mobil"), 0): Tapped on element 'Object Repository/History_SurveyKendaraan/android.widget.TextView - Foto Mobil'

2022-02-21 15:19:05 - [MESSAGE][WARNING] - Timeout '0' is invalid. Using default page load timeout: '30'

2022-02-21 15:19:10 - [MESSAGE][PASSED] - Tapped on element 'Object Repository/History_SurveyKendaraan/android.widget.TextView - Foto Mobil'

2022-02-21 15:19:10 - [TEST_STEP][PASSED] - delay(3, STOP_ON_FAILURE): Delayed 3 second(s)

2022-02-21 15:19:13 - [MESSAGE][PASSED] - Delayed 3 second(s)

2022-02-21 15:19:13 - [TEST_STEP][PASSED] - takeScreenshotAsCheckpoint(baseDir + sspathmobilesurvey + "Survey Kendaraan 4.8" + ".png", STOP_ON_FAILURE): Screenshot is taken

2022-02-21 15:19:16 - [MESSAGE][INFO] - 0 hidden object(s)

2022-02-21 15:19:16 - [MESSAGE][PASSED] - Screenshot is taken
[[ATTACHMENT|C:\Users\Nia Yusniati\Git_Asa\mobile-survey\Screenshot\keyes\keyes-mobileSurvey Kendaraan 4.8.png]]

2022-02-21 15:19:16 - [TEST_STEP][PASSED] - scrollToText("Kiri Depan"): Scrolling to text 'Kiri Depan' successfully

2022-02-21 15:19:17 - [MESSAGE][PASSED] - Scrolling to text 'Kiri Depan' successfully

2022-02-21 15:19:17 - [TEST_STEP][PASSED] - delay(3, STOP_ON_FAILURE): Delayed 3 second(s)

2022-02-21 15:19:20 - [MESSAGE][PASSED] - Delayed 3 second(s)

2022-02-21 15:19:20 - [TEST_STEP][PASSED] - takeScreenshotAsCheckpoint(baseDir + sspathmobilesurvey + "Survey Kendaraan 4.9" + ".png", STOP_ON_FAILURE): Screenshot is taken

2022-02-21 15:19:23 - [MESSAGE][INFO] - 0 hidden object(s)

2022-02-21 15:19:23 - [MESSAGE][PASSED] - Screenshot is taken
[[ATTACHMENT|C:\Users\Nia Yusniati\Git_Asa\mobile-survey\Screenshot\keyes\keyes-mobileSurvey Kendaraan 4.9.png]]

2022-02-21 15:19:23 - [TEST_STEP][PASSED] - scrollToText("SUBMIT"): Scrolling to text 'SUBMIT' successfully

2022-02-21 15:19:40 - [MESSAGE][PASSED] - Scrolling to text 'SUBMIT' successfully

2022-02-21 15:19:40 - [TEST_STEP][PASSED] - tap(findTestObject("Status/android.widget.RadioButton - Approved (1)"), 0): Tapped on element 'Object Repository/Status/android.widget.RadioButton - Approved (1)'

2022-02-21 15:19:40 - [MESSAGE][WARNING] - Timeout '0' is invalid. Using default page load timeout: '30'

2022-02-21 15:19:41 - [MESSAGE][PASSED] - Tapped on element 'Object Repository/Status/android.widget.RadioButton - Approved (1)'

2022-02-21 15:19:41 - [TEST_STEP][PASSED] - setText(findTestObject("Status/android.widget.EditText - Komentar (Set Text)"), findTestData("Status_Submit").getObjectValue("Status", 1), 0): Text 'Status Survey 4 : Tidak Submit' has been set to element 'Object Repository/Status/android.widget.EditText - Komentar (Set Text)'

2022-02-21 15:19:41 - [MESSAGE][WARNING] - Timeout '0' is invalid. Using default page load timeout: '30'

2022-02-21 15:19:43 - [MESSAGE][PASSED] - Text 'Status Survey 4 : Tidak Submit' has been set to element 'Object Repository/Status/android.widget.EditText - Komentar (Set Text)'

2022-02-21 15:19:43 - [TEST_STEP][PASSED] - delay(3, STOP_ON_FAILURE): Delayed 3 second(s)

2022-02-21 15:19:46 - [MESSAGE][PASSED] - Delayed 3 second(s)

2022-02-21 15:19:46 - [TEST_STEP][PASSED] - takeScreenshotAsCheckpoint(baseDir + sspathmobilesurvey + "Survey Kendaraan 4.10" + ".png", STOP_ON_FAILURE): Screenshot is taken

2022-02-21 15:19:49 - [MESSAGE][INFO] - 0 hidden object(s)

2022-02-21 15:19:49 - [MESSAGE][PASSED] - Screenshot is taken
[[ATTACHMENT|C:\Users\Nia Yusniati\Git_Asa\mobile-survey\Screenshot\keyes\keyes-mobileSurvey Kendaraan 4.10.png]]

2022-02-21 15:19:49 - [TEST_STEP][NOT_RUN] - checkElement(findTestObject("Status/android.widget.Button - SUBMIT"), 0): NOT_RUN: checkElement(findTestObject("Status/android.widget.Button - SUBMIT"), 0)

2022-02-21 15:19:49 - [MESSAGE][NOT_RUN] - NOT_RUN: checkElement(findTestObject("Status/android.widget.Button - SUBMIT"), 0)

2022-02-21 15:19:49 - [TEST_STEP][PASSED] - delay(3, STOP_ON_FAILURE): Delayed 3 second(s)

2022-02-21 15:19:52 - [MESSAGE][PASSED] - Delayed 3 second(s)]]></system-out>
         <system-err><![CDATA[]]></system-err>
      </testcase>
      <system-out><![CDATA[2022-02-21 15:17:05 - [TEST_SUITE][PASSED] - 1.2 Login - Re Sumbit: Test Cases/Branch_Manager/4. Re-Submit]]></system-out>
      <system-err><![CDATA[]]></system-err>
   </testsuite>
</testsuites>
